<?xml version="1.0" encoding="UTF-8"?>
<!-- Generated by org.testng.reporters.JUnitXMLReporter -->
<testsuite ignored="0" hostname="VAIO" failures="0" tests="3" name="LoginWithBeforeTest" time="0.307" errors="0" timestamp="2023-03-16T20:52:14 EDT">
  <testcase classname="testNGAnnotations.LoginWithBeforeTest" name="m1" time="0.019"/>
  <testcase classname="testNGAnnotations.LoginWithBeforeTest" name="m2" time="0.005"/>
  <testcase classname="testNGAnnotations.LoginWithBeforeTest" name="m3" time="0.019"/>
</testsuite> <!-- LoginWithBeforeTest -->
