<?xml version="1.0" encoding="UTF-8"?>
<!-- Generated by org.testng.reporters.JUnitXMLReporter -->
<testsuite ignored="0" hostname="VAIO" failures="0" tests="3" name="LoginTest2" time="0.061" errors="0" timestamp="2023-03-16T21:16:23 EDT">
  <testcase classname="testNGAnnotations.LoginWithBeforeClass" name="m1" time="0.002"/>
  <testcase classname="testNGAnnotations.LoginWithBeforeClass" name="m2" time="0.011"/>
  <testcase classname="testNGAnnotations.LoginWithBeforeClass" name="m3" time="0.003"/>
</testsuite> <!-- LoginTest2 -->
