<?xml version="1.0" encoding="UTF-8"?>
<!-- Generated by org.testng.reporters.JUnitXMLReporter -->
<testsuite ignored="0" hostname="VAIO" failures="0" tests="8" name="LoginTest" time="0.233" errors="0" timestamp="2023-03-16T21:24:30 EDT">
  <testcase classname="testNGAnnotations.BaseTest" name="m1" time="0.015"/>
  <testcase classname="testNGAnnotations.BaseTest" name="m3" time="0.006"/>
  <testcase classname="testNGAnnotations.LoginWithBeforeClass" name="m1" time="0.002"/>
  <testcase classname="testNGAnnotations.LoginWithBeforeClass" name="m2" time="0.004"/>
  <testcase classname="testNGAnnotations.LoginWithBeforeClass" name="m3" time="0.006"/>
  <testcase classname="testNGAnnotations.LoginWithBeforeTest" name="m1" time="0.009"/>
  <testcase classname="testNGAnnotations.LoginWithBeforeTest" name="m2" time="0.007"/>
  <testcase classname="testNGAnnotations.LoginWithBeforeTest" name="m3" time="0.007"/>
</testsuite> <!-- LoginTest -->
