<?xml version="1.0" encoding="UTF-8"?>
<!-- Generated by org.testng.reporters.JUnitXMLReporter -->
<testsuite ignored="0" hostname="VAIO" failures="0" tests="3" name="LoginTest3" time="0.038" errors="0" timestamp="2023-03-16T21:16:23 EDT">
  <testcase classname="testNGAnnotations.LoginWithBeforeTest" name="m1" time="0.003"/>
  <testcase classname="testNGAnnotations.LoginWithBeforeTest" name="m2" time="0.009"/>
  <testcase classname="testNGAnnotations.LoginWithBeforeTest" name="m3" time="0.006"/>
</testsuite> <!-- LoginTest3 -->
