<?xml version="1.0" encoding="UTF-8"?>
<!-- Generated by org.testng.reporters.JUnitXMLReporter -->
<testsuite ignored="0" hostname="VAIO" failures="0" tests="3" name="Default test" time="0.233" errors="0" timestamp="2023-03-16T20:32:45 EDT">
  <testcase classname="testNGAnnotations.BaseTestWithBeforeClass" name="m1" time="0.016"/>
  <testcase classname="testNGAnnotations.BaseTestWithBeforeClass" name="m2" time="0.006"/>
  <testcase classname="testNGAnnotations.BaseTestWithBeforeClass" name="m3" time="0.016"/>
</testsuite> <!-- Default test -->
