<?xml version="1.0" encoding="UTF-8"?>
<testng-results ignored="0" total="8" passed="8" failed="0" skipped="0">
  <reporter-output>
  </reporter-output>
  <suite started-at="2023-03-16T21:24:29 EDT" name="PackageSuite" finished-at="2023-03-16T21:24:29 EDT" duration-ms="233">
    <groups>
    </groups>
    <test started-at="2023-03-16T21:24:29 EDT" name="LoginTest" finished-at="2023-03-16T21:24:29 EDT" duration-ms="233">
      <class name="testNGAnnotations.LoginWithBeforeClass">
        <test-method is-config="true" signature="beforeSuite()[pri:0, instance:testNGAnnotations.LoginWithBeforeClass@6c1a5b54]" started-at="2023-03-16T21:24:29 EDT" name="beforeSuite" finished-at="2023-03-16T21:24:29 EDT" duration-ms="26" status="PASS">
          <reporter-output>
          </reporter-output>
        </test-method> <!-- beforeSuite -->
        <test-method is-config="true" signature="openApp()[pri:0, instance:testNGAnnotations.LoginWithBeforeClass@6c1a5b54]" started-at="2023-03-16T21:24:29 EDT" name="openApp" finished-at="2023-03-16T21:24:29 EDT" duration-ms="1" status="PASS">
          <reporter-output>
          </reporter-output>
        </test-method> <!-- openApp -->
        <test-method signature="m1()[pri:0, instance:testNGAnnotations.LoginWithBeforeClass@6c1a5b54]" started-at="2023-03-16T21:24:29 EDT" name="m1" finished-at="2023-03-16T21:24:29 EDT" duration-ms="2" status="PASS">
          <reporter-output>
          </reporter-output>
        </test-method> <!-- m1 -->
        <test-method signature="m2()[pri:0, instance:testNGAnnotations.LoginWithBeforeClass@6c1a5b54]" started-at="2023-03-16T21:24:29 EDT" name="m2" finished-at="2023-03-16T21:24:29 EDT" duration-ms="4" status="PASS">
          <reporter-output>
          </reporter-output>
        </test-method> <!-- m2 -->
        <test-method signature="m3()[pri:0, instance:testNGAnnotations.LoginWithBeforeClass@6c1a5b54]" started-at="2023-03-16T21:24:29 EDT" name="m3" finished-at="2023-03-16T21:24:29 EDT" duration-ms="6" status="PASS">
          <reporter-output>
          </reporter-output>
        </test-method> <!-- m3 -->
        <test-method is-config="true" signature="closeApp()[pri:0, instance:testNGAnnotations.LoginWithBeforeClass@6c1a5b54]" started-at="2023-03-16T21:24:29 EDT" name="closeApp" finished-at="2023-03-16T21:24:29 EDT" duration-ms="1" status="PASS">
          <reporter-output>
          </reporter-output>
        </test-method> <!-- closeApp -->
        <test-method is-config="true" signature="afterSuite()[pri:0, instance:testNGAnnotations.LoginWithBeforeClass@6c1a5b54]" started-at="2023-03-16T21:24:30 EDT" name="afterSuite" finished-at="2023-03-16T21:24:30 EDT" duration-ms="1" status="PASS">
          <reporter-output>
          </reporter-output>
        </test-method> <!-- afterSuite -->
      </class> <!-- testNGAnnotations.LoginWithBeforeClass -->
      <class name="testNGAnnotations.BaseTest">
        <test-method is-config="true" signature="openApp()[pri:0, instance:testNGAnnotations.BaseTest@4b0d79fc]" started-at="2023-03-16T21:24:29 EDT" name="openApp" finished-at="2023-03-16T21:24:29 EDT" duration-ms="5" status="PASS">
          <reporter-output>
          </reporter-output>
        </test-method> <!-- openApp -->
        <test-method signature="m1()[pri:0, instance:testNGAnnotations.BaseTest@4b0d79fc]" started-at="2023-03-16T21:24:29 EDT" name="m1" finished-at="2023-03-16T21:24:29 EDT" duration-ms="15" status="PASS">
          <reporter-output>
          </reporter-output>
        </test-method> <!-- m1 -->
        <test-method is-config="true" signature="closeApp()[pri:0, instance:testNGAnnotations.BaseTest@4b0d79fc]" started-at="2023-03-16T21:24:29 EDT" name="closeApp" finished-at="2023-03-16T21:24:29 EDT" duration-ms="0" status="PASS">
          <reporter-output>
          </reporter-output>
        </test-method> <!-- closeApp -->
        <test-method is-config="true" signature="openApp()[pri:0, instance:testNGAnnotations.BaseTest@4b0d79fc]" started-at="2023-03-16T21:24:29 EDT" name="openApp" finished-at="2023-03-16T21:24:29 EDT" duration-ms="2" status="PASS">
          <reporter-output>
          </reporter-output>
        </test-method> <!-- openApp -->
        <test-method signature="m3()[pri:0, instance:testNGAnnotations.BaseTest@4b0d79fc]" started-at="2023-03-16T21:24:29 EDT" name="m3" finished-at="2023-03-16T21:24:29 EDT" duration-ms="6" status="PASS">
          <reporter-output>
          </reporter-output>
        </test-method> <!-- m3 -->
        <test-method is-config="true" signature="closeApp()[pri:0, instance:testNGAnnotations.BaseTest@4b0d79fc]" started-at="2023-03-16T21:24:29 EDT" name="closeApp" finished-at="2023-03-16T21:24:29 EDT" duration-ms="5" status="PASS">
          <reporter-output>
          </reporter-output>
        </test-method> <!-- closeApp -->
      </class> <!-- testNGAnnotations.BaseTest -->
      <class name="testNGAnnotations.LoginWithBeforeTest">
        <test-method is-config="true" signature="openApp()[pri:0, instance:testNGAnnotations.LoginWithBeforeTest@1c7696c6]" started-at="2023-03-16T21:24:29 EDT" name="openApp" finished-at="2023-03-16T21:24:29 EDT" duration-ms="1" status="PASS">
          <reporter-output>
          </reporter-output>
        </test-method> <!-- openApp -->
        <test-method signature="m1()[pri:0, instance:testNGAnnotations.LoginWithBeforeTest@1c7696c6]" started-at="2023-03-16T21:24:29 EDT" name="m1" finished-at="2023-03-16T21:24:29 EDT" duration-ms="9" status="PASS">
          <reporter-output>
          </reporter-output>
        </test-method> <!-- m1 -->
        <test-method signature="m2()[pri:0, instance:testNGAnnotations.LoginWithBeforeTest@1c7696c6]" started-at="2023-03-16T21:24:29 EDT" name="m2" finished-at="2023-03-16T21:24:29 EDT" duration-ms="7" status="PASS">
          <reporter-output>
          </reporter-output>
        </test-method> <!-- m2 -->
        <test-method signature="m3()[pri:0, instance:testNGAnnotations.LoginWithBeforeTest@1c7696c6]" started-at="2023-03-16T21:24:29 EDT" name="m3" finished-at="2023-03-16T21:24:29 EDT" duration-ms="7" status="PASS">
          <reporter-output>
          </reporter-output>
        </test-method> <!-- m3 -->
        <test-method is-config="true" signature="closeApp()[pri:0, instance:testNGAnnotations.LoginWithBeforeTest@1c7696c6]" started-at="2023-03-16T21:24:29 EDT" name="closeApp" finished-at="2023-03-16T21:24:29 EDT" duration-ms="2" status="PASS">
          <reporter-output>
          </reporter-output>
        </test-method> <!-- closeApp -->
      </class> <!-- testNGAnnotations.LoginWithBeforeTest -->
    </test> <!-- LoginTest -->
  </suite> <!-- PackageSuite -->
</testng-results>
