<?xml version="1.0" encoding="UTF-8"?>
<!-- Generated by org.testng.reporters.JUnitXMLReporter -->
<testsuite ignored="0" hostname="VAIO" failures="0" tests="6" name="LoginWithBeforeClass" time="0.269" errors="0" timestamp="2023-03-16T20:56:49 EDT">
  <testcase classname="testNGAnnotations.LoginWithBeforeClass" name="m1" time="0.013"/>
  <testcase classname="testNGAnnotations.LoginWithBeforeClass" name="m2" time="0.008"/>
  <testcase classname="testNGAnnotations.LoginWithBeforeClass" name="m3" time="0.005"/>
  <testcase classname="testNGAnnotations.LoginWithBeforeTest" name="m1" time="0.007"/>
  <testcase classname="testNGAnnotations.LoginWithBeforeTest" name="m2" time="0.01"/>
  <testcase classname="testNGAnnotations.LoginWithBeforeTest" name="m3" time="0.004"/>
</testsuite> <!-- LoginWithBeforeClass -->
